Using pre-set license

 COMMAND LINE ARGUMENTS:
/Applications/Unity/Hub/Editor/2020.3.1f1/Unity.app/Contents/MacOS/Unity
-adb2
-batchMode
-noUpm
-name
AssetImportWorker0
-projectPath
/Users/pijusrancevas/Desktop/git-repos/kinect-pool
-logFile
Logs/AssetImportWorker0.log
-srvPort
57041
Successfully changed project path to: /Users/pijusrancevas/Desktop/git-repos/kinect-pool
/Users/pijusrancevas/Desktop/git-repos/kinect-pool
Using Asset Import Pipeline V2.
Refreshing native plugins compatible for Editor in 24.25 ms, found 1 plugins.
Preloading 0 native plugins for Editor in 0.00 ms.
Initialize engine version: 2020.3.1f1 (77a89f25062f)
[Subsystems] Discovering subsystems at path /Applications/Unity/Hub/Editor/2020.3.1f1/Unity.app/Contents/Resources/UnitySubsystems
[Subsystems] Discovering subsystems at path /Users/pijusrancevas/Desktop/git-repos/kinect-pool/Assets
GfxDevice: creating device client; threaded=0
2021-04-09 20:19:46.486 Unity[5398:262296] Color LCD preferred device: Intel(R) Iris(TM) Plus Graphics (low power)
2021-04-09 20:19:46.486 Unity[5398:262296] Metal devices available: 1
2021-04-09 20:19:46.486 Unity[5398:262296] 0: Intel(R) Iris(TM) Plus Graphics (low power)
2021-04-09 20:19:46.486 Unity[5398:262296] Using device Intel(R) Iris(TM) Plus Graphics (low power)
Initializing Metal device caps: Intel(R) Iris(TM) Plus Graphics
Initialize mono
Mono path[0] = '/Applications/Unity/Hub/Editor/2020.3.1f1/Unity.app/Contents/Managed'
Mono path[1] = '/Applications/Unity/Hub/Editor/2020.3.1f1/Unity.app/Contents/MonoBleedingEdge/lib/mono/unityjit'
Mono config path = '/Applications/Unity/Hub/Editor/2020.3.1f1/Unity.app/Contents/MonoBleedingEdge/etc'
Using monoOptions --debugger-agent=transport=dt_socket,embedding=1,server=y,suspend=n,address=127.0.0.1:56398
Begin MonoManager ReloadAssembly
Registering precompiled unity dll's ...
Register platform support module: /Applications/Unity/Hub/Editor/2020.3.1f1/PlaybackEngines/WebGLSupport/UnityEditor.WebGL.Extensions.dll
Register platform support module: /Applications/Unity/Hub/Editor/2020.3.1f1/Unity.app/Contents/PlaybackEngines/MacStandaloneSupport/UnityEditor.OSXStandalone.Extensions.dll
Registered in 0.001134 seconds.
Native extension for OSXStandalone target not found
Native extension for WebGL target not found
Refreshing native plugins compatible for Editor in 26.00 ms, found 1 plugins.
Preloading 0 native plugins for Editor in 0.00 ms.
Invoked RoslynAnalysisRunner static constructor.
RoslynAnalysisRunner will not be running.
RoslynAnalysisRunner has terminated.
Mono: successfully reloaded assembly
- Completed reload, in  2.135 seconds
Platform modules already initialized, skipping
Registering precompiled user dll's ...
Registered in 0.000390 seconds.
Begin MonoManager ReloadAssembly
Native extension for OSXStandalone target not found
Native extension for WebGL target not found
Refreshing native plugins compatible for Editor in 0.25 ms, found 1 plugins.
Preloading 0 native plugins for Editor in 0.00 ms.
Invoked RoslynAnalysisRunner static constructor.
RoslynAnalysisRunner will not be running.
RoslynAnalysisRunner has terminated.
Mono: successfully reloaded assembly
- Completed reload, in  1.066 seconds
Platform modules already initialized, skipping
========================================================================
Worker process is ready to serve import requests
Launching external process: /Applications/Unity/Hub/Editor/2020.3.1f1/Unity.app/Contents/Tools/UnityShaderCompiler
Launched and connected shader compiler UnityShaderCompiler after 0.01 seconds
Refreshing native plugins compatible for Editor in 0.17 ms, found 1 plugins.
Preloading 0 native plugins for Editor in 0.00 ms.
Unloading 1123 Unused Serialized files (Serialized files now loaded: 0)
System memory in use before: 111.7 MB.
System memory in use after: 111.7 MB.

Unloading 9 unused Assets to reduce memory usage. Loaded Objects now: 1566.
Total: 2.293373 ms (FindLiveObjects: 0.135287 ms CreateObjectMapping: 0.034816 ms MarkObjects: 2.023488 ms  DeleteObjects: 0.098461 ms)

========================================================================
Received Import Request.
  path: Assets/pool/Scenes
  artifactKey: Guid(f8703af71665c427ab498a69766a93b9) Importer(815301076,1909f56bfc062723c751e8b465ee728b)
Start importing Assets/pool/Scenes using Guid(f8703af71665c427ab498a69766a93b9) Importer(815301076,1909f56bfc062723c751e8b465ee728b)  -> (artifact id: '01162933e4d64860c14efc3293f496b3') in 0.003669 seconds
  Import took 0.006111 seconds .

========================================================================
Received Import Request.
  Time since last request: 0.000276 seconds.
  path: Assets/pool/Scenes/pool.unity
  artifactKey: Guid(26c4105df060945feba78c4104ef46f5) Importer(815301076,1909f56bfc062723c751e8b465ee728b)
Start importing Assets/pool/Scenes/pool.unity using Guid(26c4105df060945feba78c4104ef46f5) Importer(815301076,1909f56bfc062723c751e8b465ee728b)  -> (artifact id: '45e95b268834c04e1544f38649cbb581') in 0.009260 seconds
  Import took 0.013373 seconds .

========================================================================
Received Import Request.
  Time since last request: 0.000297 seconds.
  path: Assets/pool
  artifactKey: Guid(de82b33c52a8247318df6dd8da1b1097) Importer(815301076,1909f56bfc062723c751e8b465ee728b)
Start importing Assets/pool using Guid(de82b33c52a8247318df6dd8da1b1097) Importer(815301076,1909f56bfc062723c751e8b465ee728b)  -> (artifact id: 'd26d3ab8131806beb9778dc19d3a68bd') in 0.001563 seconds
  Import took 0.005112 seconds .

========================================================================
Received Prepare
Registering precompiled user dll's ...
Registered in 0.000363 seconds.
Begin MonoManager ReloadAssembly
Native extension for OSXStandalone target not found
Native extension for WebGL target not found
Refreshing native plugins compatible for Editor in 0.19 ms, found 1 plugins.
Preloading 0 native plugins for Editor in 0.00 ms.
Invoked RoslynAnalysisRunner static constructor.
RoslynAnalysisRunner will not be running.
RoslynAnalysisRunner has terminated.
Mono: successfully reloaded assembly
- Completed reload, in  0.994 seconds
Platform modules already initialized, skipping
Refreshing native plugins compatible for Editor in 0.22 ms, found 1 plugins.
Preloading 0 native plugins for Editor in 0.00 ms.
Unloading 1111 Unused Serialized files (Serialized files now loaded: 0)
System memory in use before: 111.2 MB.
System memory in use after: 111.3 MB.

Unloading 4 unused Assets to reduce memory usage. Loaded Objects now: 1569.
Total: 2.763396 ms (FindLiveObjects: 0.371153 ms CreateObjectMapping: 0.150018 ms MarkObjects: 2.206159 ms  DeleteObjects: 0.033346 ms)

========================================================================
Received Prepare
Refreshing native plugins compatible for Editor in 0.71 ms, found 1 plugins.
Preloading 0 native plugins for Editor in 0.00 ms.
Unloading 2 Unused Serialized files (Serialized files now loaded: 0)
System memory in use before: 89.3 MB.
System memory in use after: 89.4 MB.

Unloading 2 unused Assets to reduce memory usage. Loaded Objects now: 1569.
Total: 1.648232 ms (FindLiveObjects: 0.142285 ms CreateObjectMapping: 0.053724 ms MarkObjects: 1.431375 ms  DeleteObjects: 0.017117 ms)

AssetImportWorkerClient::OnTransportError - code=2 error=End of file
