Using pre-set license

 COMMAND LINE ARGUMENTS:
/Applications/Unity/Hub/Editor/2020.3.1f1/Unity.app/Contents/MacOS/Unity
-adb2
-batchMode
-noUpm
-name
AssetImportWorker0
-projectPath
/Users/pijusrancevas/Desktop/kinect-based-interactive-water-installation-main
-logFile
Logs/AssetImportWorker0.log
-srvPort
50498
Successfully changed project path to: /Users/pijusrancevas/Desktop/kinect-based-interactive-water-installation-main
/Users/pijusrancevas/Desktop/kinect-based-interactive-water-installation-main
Using Asset Import Pipeline V2.
Refreshing native plugins compatible for Editor in 28.86 ms, found 1 plugins.
Preloading 0 native plugins for Editor in 0.00 ms.
Initialize engine version: 2020.3.1f1 (77a89f25062f)
[Subsystems] Discovering subsystems at path /Applications/Unity/Hub/Editor/2020.3.1f1/Unity.app/Contents/Resources/UnitySubsystems
[Subsystems] Discovering subsystems at path /Users/pijusrancevas/Desktop/kinect-based-interactive-water-installation-main/Assets
GfxDevice: creating device client; threaded=0
2021-04-09 19:58:29.287 Unity[4570:239791] Color LCD preferred device: Intel(R) Iris(TM) Plus Graphics (low power)
2021-04-09 19:58:29.287 Unity[4570:239791] Metal devices available: 1
2021-04-09 19:58:29.287 Unity[4570:239791] 0: Intel(R) Iris(TM) Plus Graphics (low power)
2021-04-09 19:58:29.287 Unity[4570:239791] Using device Intel(R) Iris(TM) Plus Graphics (low power)
Initializing Metal device caps: Intel(R) Iris(TM) Plus Graphics
Initialize mono
Mono path[0] = '/Applications/Unity/Hub/Editor/2020.3.1f1/Unity.app/Contents/Managed'
Mono path[1] = '/Applications/Unity/Hub/Editor/2020.3.1f1/Unity.app/Contents/MonoBleedingEdge/lib/mono/unityjit'
Mono config path = '/Applications/Unity/Hub/Editor/2020.3.1f1/Unity.app/Contents/MonoBleedingEdge/etc'
Using monoOptions --debugger-agent=transport=dt_socket,embedding=1,server=y,suspend=n,address=127.0.0.1:56570
Begin MonoManager ReloadAssembly
Registering precompiled unity dll's ...
Register platform support module: /Applications/Unity/Hub/Editor/2020.3.1f1/PlaybackEngines/WebGLSupport/UnityEditor.WebGL.Extensions.dll
Register platform support module: /Applications/Unity/Hub/Editor/2020.3.1f1/Unity.app/Contents/PlaybackEngines/MacStandaloneSupport/UnityEditor.OSXStandalone.Extensions.dll
Registered in 0.005085 seconds.
Native extension for OSXStandalone target not found
Native extension for WebGL target not found
Refreshing native plugins compatible for Editor in 28.20 ms, found 1 plugins.
Preloading 0 native plugins for Editor in 0.00 ms.
Invoked RoslynAnalysisRunner static constructor.
RoslynAnalysisRunner will not be running.
RoslynAnalysisRunner has terminated.
Mono: successfully reloaded assembly
- Completed reload, in  2.185 seconds
Platform modules already initialized, skipping
Registering precompiled user dll's ...
Registered in 0.001385 seconds.
Begin MonoManager ReloadAssembly
Native extension for OSXStandalone target not found
Native extension for WebGL target not found
Refreshing native plugins compatible for Editor in 0.26 ms, found 1 plugins.
Preloading 0 native plugins for Editor in 0.00 ms.
Invoked RoslynAnalysisRunner static constructor.
RoslynAnalysisRunner will not be running.
RoslynAnalysisRunner has terminated.
Mono: successfully reloaded assembly
- Completed reload, in  1.096 seconds
Platform modules already initialized, skipping
========================================================================
Worker process is ready to serve import requests
Launching external process: /Applications/Unity/Hub/Editor/2020.3.1f1/Unity.app/Contents/Tools/UnityShaderCompiler
Launched and connected shader compiler UnityShaderCompiler after 0.02 seconds
Refreshing native plugins compatible for Editor in 0.22 ms, found 1 plugins.
Preloading 0 native plugins for Editor in 0.00 ms.
Unloading 1123 Unused Serialized files (Serialized files now loaded: 0)
System memory in use before: 112.5 MB.
System memory in use after: 112.6 MB.

Unloading 9 unused Assets to reduce memory usage. Loaded Objects now: 1566.
Total: 2.598940 ms (FindLiveObjects: 0.238518 ms CreateObjectMapping: 0.096075 ms MarkObjects: 2.154205 ms  DeleteObjects: 0.108271 ms)

========================================================================
Received Import Request.
  path: Assets/water/Materials/Water Texture View.mat
  artifactKey: Guid(b9109363a8f2b455985c99071d34a418) Importer(815301076,1909f56bfc062723c751e8b465ee728b)
Start importing Assets/water/Materials/Water Texture View.mat using Guid(b9109363a8f2b455985c99071d34a418) Importer(815301076,1909f56bfc062723c751e8b465ee728b)  -> (artifact id: '1ce8e54b5dd41d1f6e9c4e3cb5fa3454') in 1.520867 seconds
  Import took 1.524400 seconds .

========================================================================
Received Import Request.
  Time since last request: 0.000261 seconds.
  path: Assets/water/Materials/Cube.mat
  artifactKey: Guid(a123756b582174659b84cbafb16f6f33) Importer(815301076,1909f56bfc062723c751e8b465ee728b)
Start importing Assets/water/Materials/Cube.mat using Guid(a123756b582174659b84cbafb16f6f33) Importer(815301076,1909f56bfc062723c751e8b465ee728b)  -> (artifact id: 'ab93228bb1f243b1bfe2e0563faf0f5d') in 0.048516 seconds
  Import took 0.051458 seconds .

========================================================================
Received Import Request.
  Time since last request: 0.000519 seconds.
  path: Assets/water/Materials/CustomRenderTexture_WaterIntegrate.mat
  artifactKey: Guid(cdf6de12895444bb6b7ae19e492adb55) Importer(815301076,1909f56bfc062723c751e8b465ee728b)
Start importing Assets/water/Materials/CustomRenderTexture_WaterIntegrate.mat using Guid(cdf6de12895444bb6b7ae19e492adb55) Importer(815301076,1909f56bfc062723c751e8b465ee728b)  -> (artifact id: '17ceeb1b0b475eab43e0ffde83e7ade8') in 0.015476 seconds
  Import took 0.017808 seconds .

========================================================================
Received Import Request.
  Time since last request: 0.000300 seconds.
  path: Assets/water/Materials/Unlit_Sphere.mat
  artifactKey: Guid(379481858c76448e9be8f378d3b72b92) Importer(815301076,1909f56bfc062723c751e8b465ee728b)
Start importing Assets/water/Materials/Unlit_Sphere.mat using Guid(379481858c76448e9be8f378d3b72b92) Importer(815301076,1909f56bfc062723c751e8b465ee728b)  -> (artifact id: 'fb4fede8170ed78bdd52e3ee4831b8c9') in 0.146741 seconds
  Import took 0.149491 seconds .

========================================================================
Received Import Request.
  Time since last request: 0.000226 seconds.
  path: Assets/water/Materials/Caustics Texture View.mat
  artifactKey: Guid(201ac688031c04a8c879b0bba995ac09) Importer(815301076,1909f56bfc062723c751e8b465ee728b)
Start importing Assets/water/Materials/Caustics Texture View.mat using Guid(201ac688031c04a8c879b0bba995ac09) Importer(815301076,1909f56bfc062723c751e8b465ee728b)  -> (artifact id: '5c7193104dab6910928b39271c2bf98a') in 0.010167 seconds
  Import took 0.013659 seconds .

========================================================================
Received Import Request.
  Time since last request: 0.000235 seconds.
  path: Assets/water/Materials/Unlit_Caustics.mat
  artifactKey: Guid(d03e8533180ad4bedb9fb71983d72651) Importer(815301076,1909f56bfc062723c751e8b465ee728b)
Start importing Assets/water/Materials/Unlit_Caustics.mat using Guid(d03e8533180ad4bedb9fb71983d72651) Importer(815301076,1909f56bfc062723c751e8b465ee728b)  -> (artifact id: 'e9d9943698a2be8da92fef37b9aa3296') in 0.013721 seconds
  Import took 0.016339 seconds .

========================================================================
Received Import Request.
  Time since last request: 36.696450 seconds.
  path: Assets/water/todo.org
  artifactKey: Guid(996843a9c0b9a4d44b232eca1ef69c14) Importer(815301076,1909f56bfc062723c751e8b465ee728b)
Start importing Assets/water/todo.org using Guid(996843a9c0b9a4d44b232eca1ef69c14) Importer(815301076,1909f56bfc062723c751e8b465ee728b)  -> (artifact id: '1d240fd1c63ff4a26b04be77b8b24367') in 0.379088 seconds
  Import took 0.381244 seconds .

========================================================================
Received Import Request.
  Time since last request: 4.272198 seconds.
  path: Assets/water/LICENSE
  artifactKey: Guid(6a54c7511027c444f91476ad7514ad1a) Importer(815301076,1909f56bfc062723c751e8b465ee728b)
Start importing Assets/water/LICENSE using Guid(6a54c7511027c444f91476ad7514ad1a) Importer(815301076,1909f56bfc062723c751e8b465ee728b)  -> (artifact id: '4ecee150dcc879bedbc63ebbfc2c5839') in 0.002885 seconds
  Import took 0.006767 seconds .

========================================================================
Received Import Request.
  Time since last request: 0.001782 seconds.
  path: Assets/water/LICENSE
  artifactKey: Guid(6a54c7511027c444f91476ad7514ad1a) Importer(815301076,1909f56bfc062723c751e8b465ee728b)
Start importing Assets/water/LICENSE using Guid(6a54c7511027c444f91476ad7514ad1a) Importer(815301076,1909f56bfc062723c751e8b465ee728b)  -> (artifact id: '4ecee150dcc879bedbc63ebbfc2c5839') in 0.002930 seconds
  Import took 0.005986 seconds .

========================================================================
Received Prepare
Registering precompiled user dll's ...
Registered in 0.000362 seconds.
Begin MonoManager ReloadAssembly
Native extension for OSXStandalone target not found
Native extension for WebGL target not found
Refreshing native plugins compatible for Editor in 0.20 ms, found 1 plugins.
Preloading 0 native plugins for Editor in 0.00 ms.
Invoked RoslynAnalysisRunner static constructor.
RoslynAnalysisRunner will not be running.
RoslynAnalysisRunner has terminated.
Mono: successfully reloaded assembly
- Completed reload, in  0.923 seconds
Platform modules already initialized, skipping
Refreshing native plugins compatible for Editor in 0.17 ms, found 1 plugins.
Preloading 0 native plugins for Editor in 0.00 ms.
Unloading 1111 Unused Serialized files (Serialized files now loaded: 0)
System memory in use before: 124.5 MB.
System memory in use after: 124.6 MB.

Unloading 4 unused Assets to reduce memory usage. Loaded Objects now: 1609.
Total: 2.716528 ms (FindLiveObjects: 0.376658 ms CreateObjectMapping: 0.210958 ms MarkObjects: 2.103425 ms  DeleteObjects: 0.022430 ms)

========================================================================
Received Prepare
Registering precompiled user dll's ...
Registered in 0.000539 seconds.
Begin MonoManager ReloadAssembly
Native extension for OSXStandalone target not found
Native extension for WebGL target not found
Refreshing native plugins compatible for Editor in 0.32 ms, found 1 plugins.
Preloading 0 native plugins for Editor in 0.00 ms.
Invoked RoslynAnalysisRunner static constructor.
RoslynAnalysisRunner will not be running.
RoslynAnalysisRunner has terminated.
Mono: successfully reloaded assembly
- Completed reload, in  0.969 seconds
Platform modules already initialized, skipping
Refreshing native plugins compatible for Editor in 0.18 ms, found 1 plugins.
Preloading 0 native plugins for Editor in 0.00 ms.
Unloading 1111 Unused Serialized files (Serialized files now loaded: 0)
System memory in use before: 124.7 MB.
System memory in use after: 124.8 MB.

Unloading 4 unused Assets to reduce memory usage. Loaded Objects now: 1612.
Total: 3.077636 ms (FindLiveObjects: 0.282563 ms CreateObjectMapping: 0.098948 ms MarkObjects: 2.647486 ms  DeleteObjects: 0.046160 ms)

========================================================================
Received Import Request.
  Time since last request: 141.607351 seconds.
  path: Assets/pool/Textures/mud-textures
  artifactKey: Guid(a6c9a5ccf9067fc47925afa13f6f0095) Importer(815301076,1909f56bfc062723c751e8b465ee728b)
Start importing Assets/pool/Textures/mud-textures using Guid(a6c9a5ccf9067fc47925afa13f6f0095) Importer(815301076,1909f56bfc062723c751e8b465ee728b)  -> (artifact id: '3578c4b3178212dea72079dcdfebad0b') in 0.004726 seconds
  Import took 0.007617 seconds .

========================================================================
Received Import Request.
  Time since last request: 0.000552 seconds.
  path: Assets/pool/Textures/mud-textures
  artifactKey: Guid(a6c9a5ccf9067fc47925afa13f6f0095) Importer(815301076,1909f56bfc062723c751e8b465ee728b)
Start importing Assets/pool/Textures/mud-textures using Guid(a6c9a5ccf9067fc47925afa13f6f0095) Importer(815301076,1909f56bfc062723c751e8b465ee728b)  -> (artifact id: '3578c4b3178212dea72079dcdfebad0b') in 0.001220 seconds
  Import took 0.003937 seconds .

========================================================================
Received Import Request.
  Time since last request: 6.910124 seconds.
  path: Assets/pool/Models/Hexahedron.asset
  artifactKey: Guid(ac20d9fd1b9d64a8c862140083a467ba) Importer(815301076,1909f56bfc062723c751e8b465ee728b)
Start importing Assets/pool/Models/Hexahedron.asset using Guid(ac20d9fd1b9d64a8c862140083a467ba) Importer(815301076,1909f56bfc062723c751e8b465ee728b)  -> (artifact id: '93c5bdb24a330ee32ec63a792c0402d5') in 0.290358 seconds
  Import took 0.292875 seconds .

========================================================================
Received Import Request.
  Time since last request: 0.000304 seconds.
  path: Assets/pool/Models/Sphere.asset
  artifactKey: Guid(1c39ee3493b504af2a29d1b6d10d6554) Importer(815301076,1909f56bfc062723c751e8b465ee728b)
Start importing Assets/pool/Models/Sphere.asset using Guid(1c39ee3493b504af2a29d1b6d10d6554) Importer(815301076,1909f56bfc062723c751e8b465ee728b)  -> (artifact id: '0b15609d51637e9d6757217864ee3cb9') in 0.012606 seconds
  Import took 0.015843 seconds .

========================================================================
Received Import Request.
  Time since last request: 0.000316 seconds.
  path: Assets/pool/Models/Water Plane.asset
  artifactKey: Guid(5d163fa9537784f84912bb68f0c6a36d) Importer(815301076,1909f56bfc062723c751e8b465ee728b)
Start importing Assets/pool/Models/Water Plane.asset using Guid(5d163fa9537784f84912bb68f0c6a36d) Importer(815301076,1909f56bfc062723c751e8b465ee728b)  -> (artifact id: 'a3fcb09d23d2006f7932915f5ec02952') in 0.036869 seconds
  Import took 0.040965 seconds .

========================================================================
Received Import Request.
  Time since last request: 21.425721 seconds.
  path: Assets/pool/Scenes/cube-of-water.scenetemplate
  artifactKey: Guid(930cf587173014f5585c305d642e72f6) Importer(815301076,1909f56bfc062723c751e8b465ee728b)
Start importing Assets/pool/Scenes/cube-of-water.scenetemplate using Guid(930cf587173014f5585c305d642e72f6) Importer(815301076,1909f56bfc062723c751e8b465ee728b)  -> (artifact id: '1c66df227b18bb1c58df70761ce905a7') in 0.266796 seconds
  Import took 0.269653 seconds .

========================================================================
Received Import Request.
  Time since last request: 5.340970 seconds.
  path: Assets/pool/Scenes/cube-of-water.unity
  artifactKey: Guid(f82c34c19c94b4497a57be92c367f85c) Importer(815301076,1909f56bfc062723c751e8b465ee728b)
Start importing Assets/pool/Scenes/cube-of-water.unity using Guid(f82c34c19c94b4497a57be92c367f85c) Importer(815301076,1909f56bfc062723c751e8b465ee728b)  -> (artifact id: '803d96bd76bdde975994d3b0ae97d267') in 0.002506 seconds
  Import took 0.005573 seconds .

========================================================================
Received Import Request.
  Time since last request: 120.512409 seconds.
  path: Assets/pool/Scenes/pool.unity
  artifactKey: Guid(26c4105df060945feba78c4104ef46f5) Importer(815301076,1909f56bfc062723c751e8b465ee728b)
Start importing Assets/pool/Scenes/pool.unity using Guid(26c4105df060945feba78c4104ef46f5) Importer(815301076,1909f56bfc062723c751e8b465ee728b)  -> (artifact id: '45e95b268834c04e1544f38649cbb581') in 0.004468 seconds
  Import took 0.006873 seconds .

========================================================================
Received Import Request.
  Time since last request: 18.798571 seconds.
  path: Assets/pool-mud.unity
  artifactKey: Guid(d927d2b71f37944eb96ec2887ebb549d) Importer(815301076,1909f56bfc062723c751e8b465ee728b)
Start importing Assets/pool-mud.unity using Guid(d927d2b71f37944eb96ec2887ebb549d) Importer(815301076,1909f56bfc062723c751e8b465ee728b)  -> (artifact id: '30469e3749bd5e283fc8b0b517d87ff9') in 0.003766 seconds
  Import took 0.006856 seconds .

========================================================================
Received Import Request.
  Time since last request: 0.000929 seconds.
  path: Assets/pool-mud.unity
  artifactKey: Guid(d927d2b71f37944eb96ec2887ebb549d) Importer(815301076,1909f56bfc062723c751e8b465ee728b)
Start importing Assets/pool-mud.unity using Guid(d927d2b71f37944eb96ec2887ebb549d) Importer(815301076,1909f56bfc062723c751e8b465ee728b)  -> (artifact id: '30469e3749bd5e283fc8b0b517d87ff9') in 0.001780 seconds
  Import took 0.004935 seconds .

========================================================================
Received Import Request.
  Time since last request: 7.959189 seconds.
  path: Assets/pool
  artifactKey: Guid(de82b33c52a8247318df6dd8da1b1097) Importer(815301076,1909f56bfc062723c751e8b465ee728b)
Start importing Assets/pool using Guid(de82b33c52a8247318df6dd8da1b1097) Importer(815301076,1909f56bfc062723c751e8b465ee728b)  -> (artifact id: 'd26d3ab8131806beb9778dc19d3a68bd') in 0.001396 seconds
  Import took 0.004435 seconds .

========================================================================
Received Prepare
Refreshing native plugins compatible for Editor in 1.80 ms, found 1 plugins.
Preloading 0 native plugins for Editor in 0.00 ms.
Unloading 2 Unused Serialized files (Serialized files now loaded: 0)
System memory in use before: 112.2 MB.
System memory in use after: 112.3 MB.

Unloading 2 unused Assets to reduce memory usage. Loaded Objects now: 1616.
Total: 1.971712 ms (FindLiveObjects: 0.171419 ms CreateObjectMapping: 0.163105 ms MarkObjects: 1.619149 ms  DeleteObjects: 0.016895 ms)

========================================================================
Received Prepare
Registering precompiled user dll's ...
Registered in 0.001130 seconds.
Begin MonoManager ReloadAssembly
Native extension for OSXStandalone target not found
Native extension for WebGL target not found
Refreshing native plugins compatible for Editor in 0.22 ms, found 1 plugins.
Preloading 0 native plugins for Editor in 0.00 ms.
Invoked RoslynAnalysisRunner static constructor.
RoslynAnalysisRunner will not be running.
RoslynAnalysisRunner has terminated.
Mono: successfully reloaded assembly
- Completed reload, in  0.990 seconds
Platform modules already initialized, skipping
Refreshing native plugins compatible for Editor in 0.21 ms, found 1 plugins.
Preloading 0 native plugins for Editor in 0.00 ms.
Unloading 1111 Unused Serialized files (Serialized files now loaded: 0)
System memory in use before: 133.7 MB.
System memory in use after: 133.7 MB.

Unloading 4 unused Assets to reduce memory usage. Loaded Objects now: 1619.
Total: 1.669457 ms (FindLiveObjects: 0.195709 ms CreateObjectMapping: 0.072414 ms MarkObjects: 1.382500 ms  DeleteObjects: 0.017570 ms)

========================================================================
Received Prepare
Registering precompiled user dll's ...
Registered in 0.001148 seconds.
Begin MonoManager ReloadAssembly
Native extension for OSXStandalone target not found
Native extension for WebGL target not found
Refreshing native plugins compatible for Editor in 0.23 ms, found 1 plugins.
Preloading 0 native plugins for Editor in 0.00 ms.
Invoked RoslynAnalysisRunner static constructor.
RoslynAnalysisRunner will not be running.
RoslynAnalysisRunner has terminated.
Mono: successfully reloaded assembly
- Completed reload, in  1.083 seconds
Platform modules already initialized, skipping
Refreshing native plugins compatible for Editor in 0.21 ms, found 1 plugins.
Preloading 0 native plugins for Editor in 0.00 ms.
Unloading 1111 Unused Serialized files (Serialized files now loaded: 0)
System memory in use before: 133.8 MB.
System memory in use after: 133.9 MB.

Unloading 4 unused Assets to reduce memory usage. Loaded Objects now: 1622.
Total: 1.953802 ms (FindLiveObjects: 0.242492 ms CreateObjectMapping: 0.079139 ms MarkObjects: 1.610909 ms  DeleteObjects: 0.019447 ms)

========================================================================
Received Import Request.
  Time since last request: 350.454023 seconds.
  path: Assets/pool/Materials/Screenshot 2021-04-09 at 20.09.36.png
  artifactKey: Guid(521cb72044f24498dbce947415d2de49) Importer(815301076,1909f56bfc062723c751e8b465ee728b)
Start importing Assets/pool/Materials/Screenshot 2021-04-09 at 20.09.36.png using Guid(521cb72044f24498dbce947415d2de49) Importer(815301076,1909f56bfc062723c751e8b465ee728b)  -> (artifact id: '43fd0374de1fce153221610d77aafcae') in 1.215655 seconds
  Import took 1.217902 seconds .

========================================================================
Received Import Request.
  Time since last request: 29.037989 seconds.
  path: Assets/pool/Materials/icon
  artifactKey: Guid(f4d1c949b4a214685bb37e176ee45ab5) Importer(815301076,1909f56bfc062723c751e8b465ee728b)
Start importing Assets/pool/Materials/icon using Guid(f4d1c949b4a214685bb37e176ee45ab5) Importer(815301076,1909f56bfc062723c751e8b465ee728b)  -> (artifact id: '88f6c77e70156094bd511bf2ffac531d') in 0.001665 seconds
  Import took 0.004619 seconds .

========================================================================
Received Import Request.
  Time since last request: 20.035133 seconds.
  path: Assets/Build/icon.png
  artifactKey: Guid(521cb72044f24498dbce947415d2de49) Importer(815301076,1909f56bfc062723c751e8b465ee728b)
Start importing Assets/Build/icon.png using Guid(521cb72044f24498dbce947415d2de49) Importer(815301076,1909f56bfc062723c751e8b465ee728b)  -> (artifact id: '6621cc1ec05e52aade3b742320e8b90e') in 0.010657 seconds
  Import took 0.013283 seconds .

========================================================================
Received Import Request.
  Time since last request: 0.000765 seconds.
  path: Assets/Build/icon.png
  artifactKey: Guid(521cb72044f24498dbce947415d2de49) Importer(815301076,1909f56bfc062723c751e8b465ee728b)
Start importing Assets/Build/icon.png using Guid(521cb72044f24498dbce947415d2de49) Importer(815301076,1909f56bfc062723c751e8b465ee728b)  -> (artifact id: '6621cc1ec05e52aade3b742320e8b90e') in 0.011990 seconds
  Import took 0.014460 seconds .

========================================================================
Received Prepare
Registering precompiled user dll's ...
Registered in 0.000474 seconds.
Begin MonoManager ReloadAssembly
Native extension for OSXStandalone target not found
Native extension for WebGL target not found
Refreshing native plugins compatible for Editor in 0.30 ms, found 1 plugins.
Preloading 0 native plugins for Editor in 0.00 ms.
Invoked RoslynAnalysisRunner static constructor.
RoslynAnalysisRunner will not be running.
RoslynAnalysisRunner has terminated.
Mono: successfully reloaded assembly
- Completed reload, in  1.232 seconds
Platform modules already initialized, skipping
Refreshing native plugins compatible for Editor in 0.29 ms, found 1 plugins.
Preloading 0 native plugins for Editor in 0.00 ms.
Unloading 1111 Unused Serialized files (Serialized files now loaded: 0)
System memory in use before: 138.3 MB.
System memory in use after: 138.4 MB.

Unloading 4 unused Assets to reduce memory usage. Loaded Objects now: 1627.
Total: 2.481631 ms (FindLiveObjects: 0.270583 ms CreateObjectMapping: 0.066775 ms MarkObjects: 2.117969 ms  DeleteObjects: 0.024595 ms)

========================================================================
Received Prepare
Refreshing native plugins compatible for Editor in 0.95 ms, found 1 plugins.
Preloading 0 native plugins for Editor in 0.00 ms.
Unloading 2 Unused Serialized files (Serialized files now loaded: 0)
System memory in use before: 116.1 MB.
System memory in use after: 116.2 MB.

Unloading 2 unused Assets to reduce memory usage. Loaded Objects now: 1627.
Total: 1.603617 ms (FindLiveObjects: 0.186276 ms CreateObjectMapping: 0.044845 ms MarkObjects: 1.353227 ms  DeleteObjects: 0.017757 ms)

========================================================================
Received Import Request.
  Time since last request: 188.117747 seconds.
  path: Assets/Build/New Folder
  artifactKey: Guid(1db375091aa1c4f6d820cad7b766685e) Importer(815301076,1909f56bfc062723c751e8b465ee728b)
Start importing Assets/Build/New Folder using Guid(1db375091aa1c4f6d820cad7b766685e) Importer(815301076,1909f56bfc062723c751e8b465ee728b)  -> (artifact id: '832083889b0735f27a5a5ba09330e342') in 0.005586 seconds
  Import took 0.008868 seconds .

========================================================================
Received Prepare
Registering precompiled user dll's ...
Registered in 0.000698 seconds.
Begin MonoManager ReloadAssembly
Native extension for OSXStandalone target not found
Native extension for WebGL target not found
Refreshing native plugins compatible for Editor in 0.20 ms, found 1 plugins.
Preloading 0 native plugins for Editor in 0.00 ms.
Invoked RoslynAnalysisRunner static constructor.
RoslynAnalysisRunner will not be running.
RoslynAnalysisRunner has terminated.
Mono: successfully reloaded assembly
- Completed reload, in  0.971 seconds
Platform modules already initialized, skipping
Refreshing native plugins compatible for Editor in 0.21 ms, found 1 plugins.
Preloading 0 native plugins for Editor in 0.00 ms.
Unloading 1111 Unused Serialized files (Serialized files now loaded: 0)
System memory in use before: 138.5 MB.
System memory in use after: 138.6 MB.

Unloading 4 unused Assets to reduce memory usage. Loaded Objects now: 1630.
Total: 2.567775 ms (FindLiveObjects: 0.242468 ms CreateObjectMapping: 0.082974 ms MarkObjects: 2.218891 ms  DeleteObjects: 0.021155 ms)

========================================================================
Received Prepare
Registering precompiled user dll's ...
Registered in 0.000738 seconds.
Begin MonoManager ReloadAssembly
Native extension for OSXStandalone target not found
Native extension for WebGL target not found
Refreshing native plugins compatible for Editor in 0.19 ms, found 1 plugins.
Preloading 0 native plugins for Editor in 0.00 ms.
Invoked RoslynAnalysisRunner static constructor.
RoslynAnalysisRunner will not be running.
RoslynAnalysisRunner has terminated.
Mono: successfully reloaded assembly
- Completed reload, in  0.929 seconds
Platform modules already initialized, skipping
Refreshing native plugins compatible for Editor in 0.20 ms, found 1 plugins.
Preloading 0 native plugins for Editor in 0.00 ms.
Unloading 1111 Unused Serialized files (Serialized files now loaded: 0)
System memory in use before: 138.7 MB.
System memory in use after: 138.8 MB.

Unloading 4 unused Assets to reduce memory usage. Loaded Objects now: 1633.
Total: 2.299544 ms (FindLiveObjects: 0.253723 ms CreateObjectMapping: 0.067432 ms MarkObjects: 1.950911 ms  DeleteObjects: 0.024916 ms)

========================================================================
Received Prepare
Registering precompiled user dll's ...
Registered in 0.000401 seconds.
Begin MonoManager ReloadAssembly
Native extension for OSXStandalone target not found
Native extension for WebGL target not found
Refreshing native plugins compatible for Editor in 0.22 ms, found 1 plugins.
Preloading 0 native plugins for Editor in 0.00 ms.
Invoked RoslynAnalysisRunner static constructor.
RoslynAnalysisRunner will not be running.
RoslynAnalysisRunner has terminated.
Mono: successfully reloaded assembly
- Completed reload, in  1.028 seconds
Platform modules already initialized, skipping
Refreshing native plugins compatible for Editor in 0.25 ms, found 1 plugins.
Preloading 0 native plugins for Editor in 0.00 ms.
Unloading 1107 Unused Serialized files (Serialized files now loaded: 0)
System memory in use before: 138.8 MB.
System memory in use after: 138.9 MB.

Unloading 8 unused Assets to reduce memory usage. Loaded Objects now: 1632.
Total: 1.615193 ms (FindLiveObjects: 0.175363 ms CreateObjectMapping: 0.042234 ms MarkObjects: 1.371595 ms  DeleteObjects: 0.022786 ms)

AssetImportWorkerClient::OnTransportError - code=2 error=End of file
